<?xml version="1.0" encoding="UTF-8"?>
<testng-results ignored="0" total="1" passed="1" failed="0" skipped="0">
  <reporter-output>
  </reporter-output>
  <suite started-at="2025-01-08T11:59:21 IST" name="Default suite" finished-at="2025-01-08T11:59:43 IST" duration-ms="22453">
    <groups>
    </groups>
    <test started-at="2025-01-08T11:59:21 IST" name="Default test" finished-at="2025-01-08T11:59:43 IST" duration-ms="22453">
      <class name="Tests.Reports">
        <test-method is-config="true" signature="beforeTest()[pri:0, instance:Tests.Reports@3bd82cf5]" started-at="2025-01-08T11:59:21 IST" name="beforeTest" finished-at="2025-01-08T11:59:29 IST" duration-ms="8306" status="PASS">
          <reporter-output>
          </reporter-output>
        </test-method> <!-- beforeTest -->
        <test-method signature="validateReports()[pri:0, instance:Tests.Reports@3bd82cf5]" started-at="2025-01-08T11:59:29 IST" name="validateReports" finished-at="2025-01-08T11:59:43 IST" duration-ms="14036" status="PASS">
          <reporter-output>
          </reporter-output>
        </test-method> <!-- validateReports -->
      </class> <!-- Tests.Reports -->
    </test> <!-- Default test -->
  </suite> <!-- Default suite -->
</testng-results>
